mode: set
smart_evm/chaincode/smartContract.go:37.140,46.16 3 1
smart_evm/chaincode/smartContract.go:46.16,48.3 1 0
smart_evm/chaincode/smartContract.go:50.2,51.16 2 1
smart_evm/chaincode/smartContract.go:51.16,53.3 1 1
smart_evm/chaincode/smartContract.go:56.2,63.33 2 1
smart_evm/chaincode/smartContract.go:63.33,65.17 2 1
smart_evm/chaincode/smartContract.go:65.17,67.4 1 0
smart_evm/chaincode/smartContract.go:69.3,70.17 2 1
smart_evm/chaincode/smartContract.go:70.17,72.4 1 0
smart_evm/chaincode/smartContract.go:75.2,75.12 1 1
smart_evm/chaincode/smartContract.go:82.124,87.16 3 1
smart_evm/chaincode/smartContract.go:87.16,89.3 1 0
smart_evm/chaincode/smartContract.go:91.2,91.35 1 1
smart_evm/chaincode/smartContract.go:91.35,93.17 2 1
smart_evm/chaincode/smartContract.go:93.17,95.4 1 1
smart_evm/chaincode/smartContract.go:96.3,96.31 1 1
smart_evm/chaincode/smartContract.go:96.31,98.4 1 1
smart_evm/chaincode/smartContract.go:100.3,105.17 3 1
smart_evm/chaincode/smartContract.go:105.17,107.4 1 0
smart_evm/chaincode/smartContract.go:109.3,110.17 2 1
smart_evm/chaincode/smartContract.go:110.17,112.4 1 1
smart_evm/chaincode/smartContract.go:115.3,122.17 3 1
smart_evm/chaincode/smartContract.go:122.17,124.4 1 0
smart_evm/chaincode/smartContract.go:125.3,126.17 2 1
smart_evm/chaincode/smartContract.go:126.17,128.4 1 0
smart_evm/chaincode/smartContract.go:131.2,131.12 1 1
smart_evm/chaincode/smartContract.go:134.114,138.16 3 1
smart_evm/chaincode/smartContract.go:138.16,140.3 1 0
smart_evm/chaincode/smartContract.go:142.2,142.37 1 1
smart_evm/chaincode/smartContract.go:142.37,145.17 2 1
smart_evm/chaincode/smartContract.go:145.17,147.4 1 1
smart_evm/chaincode/smartContract.go:148.3,148.24 1 1
smart_evm/chaincode/smartContract.go:148.24,150.4 1 1
smart_evm/chaincode/smartContract.go:152.3,158.17 3 1
smart_evm/chaincode/smartContract.go:158.17,160.4 1 0
smart_evm/chaincode/smartContract.go:161.3,162.17 2 1
smart_evm/chaincode/smartContract.go:162.17,164.4 1 1
smart_evm/chaincode/smartContract.go:167.2,168.16 2 1
smart_evm/chaincode/smartContract.go:168.16,170.3 1 0
smart_evm/chaincode/smartContract.go:171.2,172.16 2 1
smart_evm/chaincode/smartContract.go:172.16,174.3 1 0
smart_evm/chaincode/smartContract.go:175.2,175.12 1 1
smart_evm/chaincode/smartContract.go:178.139,181.16 2 1
smart_evm/chaincode/smartContract.go:181.16,183.3 1 1
smart_evm/chaincode/smartContract.go:185.2,187.16 3 1
smart_evm/chaincode/smartContract.go:187.16,189.3 1 0
smart_evm/chaincode/smartContract.go:192.2,194.16 3 1
smart_evm/chaincode/smartContract.go:194.16,196.3 1 0
smart_evm/chaincode/smartContract.go:199.2,199.51 1 1
smart_evm/chaincode/smartContract.go:199.51,201.3 1 1
smart_evm/chaincode/smartContract.go:204.2,204.58 1 1
smart_evm/chaincode/smartContract.go:204.58,206.3 1 1
smart_evm/chaincode/smartContract.go:210.2,211.16 2 1
smart_evm/chaincode/smartContract.go:211.16,213.3 1 0
smart_evm/chaincode/smartContract.go:214.2,214.23 1 1
smart_evm/chaincode/smartContract.go:214.23,216.3 1 1
smart_evm/chaincode/smartContract.go:219.2,220.16 2 1
smart_evm/chaincode/smartContract.go:220.16,222.3 1 0
smart_evm/chaincode/smartContract.go:223.2,223.24 1 1
smart_evm/chaincode/smartContract.go:223.24,225.3 1 0
smart_evm/chaincode/smartContract.go:227.2,229.16 3 1
smart_evm/chaincode/smartContract.go:229.16,231.3 1 0
smart_evm/chaincode/smartContract.go:234.2,234.21 1 1
smart_evm/chaincode/smartContract.go:234.21,236.3 1 1
smart_evm/chaincode/smartContract.go:239.2,239.37 1 1
smart_evm/chaincode/smartContract.go:239.37,241.17 2 1
smart_evm/chaincode/smartContract.go:241.17,243.4 1 0
smart_evm/chaincode/smartContract.go:244.3,244.25 1 1
smart_evm/chaincode/smartContract.go:244.25,246.4 1 1
smart_evm/chaincode/smartContract.go:249.3,251.17 3 1
smart_evm/chaincode/smartContract.go:251.17,253.4 1 0
smart_evm/chaincode/smartContract.go:256.3,260.17 3 1
smart_evm/chaincode/smartContract.go:260.17,262.4 1 0
smart_evm/chaincode/smartContract.go:263.3,264.17 2 1
smart_evm/chaincode/smartContract.go:264.17,266.4 1 1
smart_evm/chaincode/smartContract.go:270.2,273.33 2 1
smart_evm/chaincode/smartContract.go:273.33,275.3 1 1
smart_evm/chaincode/smartContract.go:278.2,282.16 3 1
smart_evm/chaincode/smartContract.go:282.16,284.3 1 0
smart_evm/chaincode/smartContract.go:285.2,286.16 2 1
smart_evm/chaincode/smartContract.go:286.16,288.3 1 0
smart_evm/chaincode/smartContract.go:290.2,290.12 1 1
smart_evm/chaincode/smartContract.go:294.117,298.16 3 1
smart_evm/chaincode/smartContract.go:298.16,300.3 1 0
smart_evm/chaincode/smartContract.go:302.2,302.25 1 1
smart_evm/chaincode/smartContract.go:302.25,304.3 1 1
smart_evm/chaincode/smartContract.go:306.2,309.16 3 1
smart_evm/chaincode/smartContract.go:309.16,311.3 1 0
smart_evm/chaincode/smartContract.go:312.2,312.24 1 1
smart_evm/chaincode/smartContract.go:312.24,314.3 1 1
smart_evm/chaincode/smartContract.go:316.2,318.16 3 1
smart_evm/chaincode/smartContract.go:318.16,320.3 1 0
smart_evm/chaincode/smartContract.go:322.2,322.26 1 1
